#
# There is insufficient memory for the Java Runtime Environment to continue.
# Native memory allocation (malloc) failed to allocate 2224336 bytes for Chunk::new
# Possible reasons:
#   The system is out of physical RAM or swap space
#   In 32 bit mode, the process size limit was hit
# Possible solutions:
#   Reduce memory load on the system
#   Increase physical memory or swap space
#   Check if swap backing store is full
#   Use 64 bit Java on a 64 bit OS
#   Decrease Java heap size (-Xmx/-Xms)
#   Decrease number of Java threads
#   Decrease Java thread stack sizes (-Xss)
#   Set larger code cache with -XX:ReservedCodeCacheSize=
# This output file may be truncated or incomplete.
#
#  Out of Memory Error (allocation.cpp:390), pid=4300, tid=0x00000000000029cc
#
# JRE version: Java(TM) SE Runtime Environment (8.0_191-b12) (build 1.8.0_191-b12)
# Java VM: Java HotSpot(TM) 64-Bit Server VM (25.191-b12 mixed mode windows-amd64 compressed oops)
# Failed to write core dump. Minidumps are not enabled by default on client versions of Windows
#

---------------  T H R E A D  ---------------

Current thread (0x000000001a007000):  JavaThread "C2 CompilerThread0" daemon [_thread_in_native, id=10700, stack(0x000000001b670000,0x000000001b770000)]

Stack: [0x000000001b670000,0x000000001b770000]
[error occurred during error reporting (printing stack bounds), id 0xc0000005]

Native frames: (J=compiled Java code, j=interpreted, Vv=VM code, C=native code)


Current CompileTask:
C2:   5193 1684   !   4       java.net.URLClassLoader$1::run (63 bytes)


---------------  P R O C E S S  ---------------

Java Threads: ( => current thread )
  0x000000001bac0000 JavaThread "pool-2-thread-2" [_thread_blocked, id=12964, stack(0x000000001feb0000,0x000000001ffb0000)]
  0x000000001bcba000 JavaThread "pool-2-thread-1" [_thread_blocked, id=13160, stack(0x000000001f970000,0x000000001fa70000)]
  0x000000001e5b3000 JavaThread "pool-1-thread-2" [_thread_blocked, id=13352, stack(0x000000001f870000,0x000000001f970000)]
  0x000000001d3f5000 JavaThread "AMQP Connection 192.168.1.64:5672" [_thread_in_native, id=18188, stack(0x000000001f570000,0x000000001f670000)]
  0x000000001b990800 JavaThread "Service Thread" daemon [_thread_blocked, id=17060, stack(0x000000001bd70000,0x000000001be70000)]
  0x000000001a013800 JavaThread "C1 CompilerThread2" daemon [_thread_blocked, id=12440, stack(0x000000001b870000,0x000000001b970000)]
  0x000000001a00f000 JavaThread "C2 CompilerThread1" daemon [_thread_blocked, id=11316, stack(0x000000001b770000,0x000000001b870000)]
=>0x000000001a007000 JavaThread "C2 CompilerThread0" daemon [_thread_in_native, id=10700, stack(0x000000001b670000,0x000000001b770000)]
  0x000000001a004800 JavaThread "Attach Listener" daemon [_thread_blocked, id=13592, stack(0x000000001b570000,0x000000001b670000)]
  0x000000001a001800 JavaThread "Signal Dispatcher" daemon [_thread_blocked, id=11560, stack(0x000000001b470000,0x000000001b570000)]
  0x0000000019ff0000 JavaThread "Finalizer" daemon [_thread_blocked, id=9948, stack(0x000000001b250000,0x000000001b350000)]
  0x0000000002f85000 JavaThread "Reference Handler" daemon [_thread_blocked, id=18072, stack(0x000000001b150000,0x000000001b250000)]
  0x0000000002e95800 JavaThread "main" [_thread_in_native, id=2628, stack(0x0000000002d90000,0x0000000002e90000)]

Other Threads:
  0x0000000019fc7800 VMThread [stack: 0x000000001b050000,0x000000001b150000] [id=584]
  0x000000001a05e000 WatcherThread [stack: 0x000000001be70000,0x000000001bf70000] [id=12728]

VM state:not at safepoint (normal execution)

VM Mutex/Monitor currently owned by a thread: None

Heap:
 PSYoungGen      total 57344K, used 15034K [0x0000000780a00000, 0x0000000785e00000, 0x00000007c0000000)
  eden space 49152K, 19% used [0x0000000780a00000,0x0000000781345ec8,0x0000000783a00000)
  from space 8192K, 67% used [0x0000000783a00000,0x0000000783f68cc8,0x0000000784200000)
  to   space 8192K, 0% used [0x0000000785600000,0x0000000785600000,0x0000000785e00000)
 ParOldGen       total 90624K, used 9643K [0x0000000701e00000, 0x0000000707680000, 0x0000000780a00000)
  object space 90624K, 10% used [0x0000000701e00000,0x000000070276aed0,0x0000000707680000)
 Metaspace       used 28124K, capacity 29290K, committed 29568K, reserved 1073152K
  class space    used 5201K, capacity 5477K, committed 5504K, reserved 1048576K

Card table byte_map: [0x0000000012350000,0x0000000012950000] byte_map_base: 0x000000000eb41000

Marking Bits: (ParMarkBitMap*) 0x0000000063013e30
 Begin Bits: [0x0000000013150000, 0x00000000160d8000)
 End Bits:   [0x00000000160d8000, 0x0000000019060000)

Polling page: 0x0000000000e70000

CodeCache: size=245760Kb used=5993Kb max_used=5997Kb free=239766Kb
 bounds [0x0000000002f90000, 0x0000000003570000, 0x0000000011f90000]
 total_blobs=2214 nmethods=1783 adapters=343
 compilation: enabled

Compilation events (10 events):
Event: 5.109 Thread 0x000000001a013800 1780       3       java.lang.Integer::reverseBytes (26 bytes)
Event: 5.109 Thread 0x000000001a013800 nmethod 1780 0x000000000356a890 code [0x000000000356a9e0, 0x000000000356ab30]
Event: 5.109 Thread 0x000000001a013800 1781       1       java.lang.StringCoding$StringEncoder::requestedCharsetName (5 bytes)
Event: 5.109 Thread 0x000000001a013800 nmethod 1781 0x000000000356ab90 code [0x000000000356ace0, 0x000000000356adf0]
Event: 5.111 Thread 0x000000001a00f000 1782       4       java.lang.Integer::reverseBytes (26 bytes)
Event: 5.111 Thread 0x000000001a013800 1783       3       sun.security.provider.SHA::implCompress (491 bytes)
Event: 5.111 Thread 0x000000001a00f000 nmethod 1782 0x000000000356dad0 code [0x000000000356dc00, 0x000000000356dc78]
Event: 5.112 Thread 0x000000001a013800 nmethod 1783 0x000000000356c790 code [0x000000000356c980, 0x000000000356d268]
Event: 5.112 Thread 0x000000001a013800 1784       3       java.lang.ThreadLocal::get (38 bytes)
Event: 5.112 Thread 0x000000001a013800 nmethod 1784 0x000000000356c0d0 code [0x000000000356c260, 0x000000000356c5e8]

GC Heap History (8 events):
Event: 2.359 GC heap before
{Heap before GC invocations=1 (full 0):
 PSYoungGen      total 57344K, used 49152K [0x0000000780a00000, 0x0000000784a00000, 0x00000007c0000000)
  eden space 49152K, 100% used [0x0000000780a00000,0x0000000783a00000,0x0000000783a00000)
  from space 8192K, 0% used [0x0000000784200000,0x0000000784200000,0x0000000784a00000)
  to   space 8192K, 0% used [0x0000000783a00000,0x0000000783a00000,0x0000000784200000)
 ParOldGen       total 131072K, used 0K [0x0000000701e00000, 0x0000000709e00000, 0x0000000780a00000)
  object space 131072K, 0% used [0x0000000701e00000,0x0000000701e00000,0x0000000709e00000)
 Metaspace       used 13781K, capacity 14208K, committed 14464K, reserved 1060864K
  class space    used 2216K, capacity 2336K, committed 2432K, reserved 1048576K
Event: 2.373 GC heap after
Heap after GC invocations=1 (full 0):
 PSYoungGen      total 57344K, used 7607K [0x0000000780a00000, 0x0000000784a00000, 0x00000007c0000000)
  eden space 49152K, 0% used [0x0000000780a00000,0x0000000780a00000,0x0000000783a00000)
  from space 8192K, 92% used [0x0000000783a00000,0x000000078416dff0,0x0000000784200000)
  to   space 8192K, 0% used [0x0000000784200000,0x0000000784200000,0x0000000784a00000)
 ParOldGen       total 131072K, used 8K [0x0000000701e00000, 0x0000000709e00000, 0x0000000780a00000)
  object space 131072K, 0% used [0x0000000701e00000,0x0000000701e02000,0x0000000709e00000)
 Metaspace       used 13781K, capacity 14208K, committed 14464K, reserved 1060864K
  class space    used 2216K, capacity 2336K, committed 2432K, reserved 1048576K
}
Event: 3.946 GC heap before
{Heap before GC invocations=2 (full 0):
 PSYoungGen      total 57344K, used 50459K [0x0000000780a00000, 0x0000000784a00000, 0x00000007c0000000)
  eden space 49152K, 87% used [0x0000000780a00000,0x00000007833d8eb8,0x0000000783a00000)
  from space 8192K, 92% used [0x0000000783a00000,0x000000078416dff0,0x0000000784200000)
  to   space 8192K, 0% used [0x0000000784200000,0x0000000784200000,0x0000000784a00000)
 ParOldGen       total 131072K, used 8K [0x0000000701e00000, 0x0000000709e00000, 0x0000000780a00000)
  object space 131072K, 0% used [0x0000000701e00000,0x0000000701e02000,0x0000000709e00000)
 Metaspace       used 20591K, capacity 21124K, committed 21296K, reserved 1067008K
  class space    used 3733K, capacity 3870K, committed 3968K, reserved 1048576K
Event: 3.956 GC heap after
Heap after GC invocations=2 (full 0):
 PSYoungGen      total 57344K, used 8160K [0x0000000780a00000, 0x0000000784a00000, 0x00000007c0000000)
  eden space 49152K, 0% used [0x0000000780a00000,0x0000000780a00000,0x0000000783a00000)
  from space 8192K, 99% used [0x0000000784200000,0x00000007849f80a8,0x0000000784a00000)
  to   space 8192K, 0% used [0x0000000783a00000,0x0000000783a00000,0x0000000784200000)
 ParOldGen       total 131072K, used 1955K [0x0000000701e00000, 0x0000000709e00000, 0x0000000780a00000)
  object space 131072K, 1% used [0x0000000701e00000,0x0000000701fe8c28,0x0000000709e00000)
 Metaspace       used 20591K, capacity 21124K, committed 21296K, reserved 1067008K
  class space    used 3733K, capacity 3870K, committed 3968K, reserved 1048576K
}
Event: 3.956 GC heap before
{Heap before GC invocations=3 (full 1):
 PSYoungGen      total 57344K, used 8160K [0x0000000780a00000, 0x0000000784a00000, 0x00000007c0000000)
  eden space 49152K, 0% used [0x0000000780a00000,0x0000000780a00000,0x0000000783a00000)
  from space 8192K, 99% used [0x0000000784200000,0x00000007849f80a8,0x0000000784a00000)
  to   space 8192K, 0% used [0x0000000783a00000,0x0000000783a00000,0x0000000784200000)
 ParOldGen       total 131072K, used 1955K [0x0000000701e00000, 0x0000000709e00000, 0x0000000780a00000)
  object space 131072K, 1% used [0x0000000701e00000,0x0000000701fe8c28,0x0000000709e00000)
 Metaspace       used 20591K, capacity 21124K, committed 21296K, reserved 1067008K
  class space    used 3733K, capacity 3870K, committed 3968K, reserved 1048576K
Event: 3.990 GC heap after
Heap after GC invocations=3 (full 1):
 PSYoungGen      total 57344K, used 0K [0x0000000780a00000, 0x0000000784a00000, 0x00000007c0000000)
  eden space 49152K, 0% used [0x0000000780a00000,0x0000000780a00000,0x0000000783a00000)
  from space 8192K, 0% used [0x0000000784200000,0x0000000784200000,0x0000000784a00000)
  to   space 8192K, 0% used [0x0000000783a00000,0x0000000783a00000,0x0000000784200000)
 ParOldGen       total 90624K, used 9635K [0x0000000701e00000, 0x0000000707680000, 0x0000000780a00000)
  object space 90624K, 10% used [0x0000000701e00000,0x0000000702768ed0,0x0000000707680000)
 Metaspace       used 20591K, capacity 21124K, committed 21296K, reserved 1067008K
  class space    used 3733K, capacity 3870K, committed 3968K, reserved 1048576K
}
Event: 4.953 GC heap before
{Heap before GC invocations=4 (full 1):
 PSYoungGen      total 57344K, used 49152K [0x0000000780a00000, 0x0000000784a00000, 0x00000007c0000000)
  eden space 49152K, 100% used [0x0000000780a00000,0x0000000783a00000,0x0000000783a00000)
  from space 8192K, 0% used [0x0000000784200000,0x0000000784200000,0x0000000784a00000)
  to   space 8192K, 0% used [0x0000000783a00000,0x0000000783a00000,0x0000000784200000)
 ParOldGen       total 90624K, used 9635K [0x0000000701e00000, 0x0000000707680000, 0x0000000780a00000)
  object space 90624K, 10% used [0x0000000701e00000,0x0000000702768ed0,0x0000000707680000)
 Metaspace       used 26028K, capacity 27144K, committed 27264K, reserved 1071104K
  class space    used 4904K, capacity 5148K, committed 5248K, reserved 1048576K
Event: 4.959 GC heap after
Heap after GC invocations=4 (full 1):
 PSYoungGen      total 57344K, used 5539K [0x0000000780a00000, 0x0000000785e00000, 0x00000007c0000000)
  eden space 49152K, 0% used [0x0000000780a00000,0x0000000780a00000,0x0000000783a00000)
  from space 8192K, 67% used [0x0000000783a00000,0x0000000783f68cc8,0x0000000784200000)
  to   space 8192K, 0% used [0x0000000785600000,0x0000000785600000,0x0000000785e00000)
 ParOldGen       total 90624K, used 9643K [0x0000000701e00000, 0x0000000707680000, 0x0000000780a00000)
  object space 90624K, 10% used [0x0000000701e00000,0x000000070276aed0,0x0000000707680000)
 Metaspace       used 26028K, capacity 27144K, committed 27264K, reserved 1071104K
  class space    used 4904K, capacity 5148K, committed 5248K, reserved 1048576K
}

Deoptimization events (10 events):
Event: 4.006 Thread 0x0000000002e95800 Uncommon trap: reason=class_check action=maybe_recompile pc=0x000000000336fb14 method=java.util.regex.Pattern$BmpCharProperty.match(Ljava/util/regex/Matcher;ILjava/lang/CharSequence;)Z @ 16
Event: 4.006 Thread 0x0000000002e95800 Uncommon trap: reason=class_check action=maybe_recompile pc=0x00000000033839d0 method=java.util.regex.Pattern$Start.match(Ljava/util/regex/Matcher;ILjava/lang/CharSequence;)Z @ 44
Event: 4.025 Thread 0x0000000002e95800 Uncommon trap: reason=unstable_if action=reinterpret pc=0x00000000032c3a18 method=jdk.internal.org.objectweb.asm.Type.getArgumentsAndReturnSizes(Ljava/lang/String;)I @ 47
Event: 4.030 Thread 0x0000000002e95800 Uncommon trap: reason=class_check action=maybe_recompile pc=0x00000000033839d0 method=java.util.regex.Pattern$Start.match(Ljava/util/regex/Matcher;ILjava/lang/CharSequence;)Z @ 44
Event: 4.452 Thread 0x0000000002e95800 Uncommon trap: reason=unstable_if action=reinterpret pc=0x00000000033958c8 method=java.util.HashMap.getNode(ILjava/lang/Object;)Ljava/util/HashMap$Node; @ 129
Event: 4.452 Thread 0x0000000002e95800 Uncommon trap: reason=class_check action=maybe_recompile pc=0x000000000335bc60 method=java.util.HashMap.putVal(ILjava/lang/Object;Ljava/lang/Object;ZZ)Ljava/lang/Object; @ 203
Event: 4.452 Thread 0x0000000002e95800 Uncommon trap: reason=unstable_if action=reinterpret pc=0x0000000003385410 method=java.util.HashMap.getNode(ILjava/lang/Object;)Ljava/util/HashMap$Node; @ 129
Event: 4.660 Thread 0x0000000002e95800 Uncommon trap: reason=unstable_if action=reinterpret pc=0x000000000337a648 method=java.util.regex.Matcher.reset()Ljava/util/regex/Matcher; @ 47
Event: 4.849 Thread 0x0000000002e95800 Uncommon trap: reason=class_check action=maybe_recompile pc=0x000000000335bc60 method=java.util.HashMap.putVal(ILjava/lang/Object;Ljava/lang/Object;ZZ)Ljava/lang/Object; @ 203
Event: 4.999 Thread 0x0000000002e95800 Uncommon trap: reason=unstable_if action=reinterpret pc=0x000000000321bd80 method=java.io.WinNTFileSystem.normalize(Ljava/lang/String;)Ljava/lang/String; @ 128

Classes redefined (0 events):
No events

Internal exceptions (10 events):
Event: 3.710 Thread 0x0000000002e95800 Exception <a 'java/lang/NoSuchMethodError': java.lang.Object.of(Ljava/lang/Class;)Lio/micronaut/core/type/Argument;> (0x0000000782443be0) thrown at [C:\re\workspace\8-2-build-windows-amd64-cygwin\jdk8u191\11896\hotspot\src\share\vm\interpreter\linkResolve
Event: 3.736 Thread 0x0000000002e95800 Exception <a 'java/lang/IncompatibleClassChangeError': Found class java.lang.Object, but interface was expected> (0x00000007826010a8) thrown at [C:\re\workspace\8-2-build-windows-amd64-cygwin\jdk8u191\11896\hotspot\src\share\vm\interpreter\linkResolver.cp
Event: 3.773 Thread 0x0000000002e95800 Exception <a 'java/lang/NoSuchMethodError': java.lang.Object.lambda$isPresent$4(Ljava/lang/String;Lio/micronaut/core/annotation/AnnotationValue;)Ljava/lang/Boolean;> (0x00000007827e63d8) thrown at [C:\re\workspace\8-2-build-windows-amd64-cygwin\jdk8u191\1
Event: 4.028 Thread 0x0000000002e95800 Exception <a 'java/lang/IncompatibleClassChangeError': Found class java.lang.Object, but interface was expected> (0x0000000780cc1150) thrown at [C:\re\workspace\8-2-build-windows-amd64-cygwin\jdk8u191\11896\hotspot\src\share\vm\interpreter\linkResolver.cp
Event: 4.102 Thread 0x0000000002e95800 Exception <a 'java/lang/NoSuchMethodError': java.lang.Object.fixed(Ljava/net/URL;)Lio/micronaut/http/client/LoadBalancer;> (0x0000000780fdca60) thrown at [C:\re\workspace\8-2-build-windows-amd64-cygwin\jdk8u191\11896\hotspot\src\share\vm\interpreter\linkR
Event: 4.477 Thread 0x0000000002e95800 Exception <a 'java/lang/NoSuchMethodError': java.lang.Object.lambda$getValue$3(Ljava/lang/String;Lio/micronaut/core/type/Argument;Lio/micronaut/core/annotation/AnnotationValue;)Ljava/util/Optional;> (0x0000000781f5f498) thrown at [C:\re\workspace\8-2-buil
Event: 4.776 Thread 0x0000000002e95800 Exception <a 'java/lang/IncompatibleClassChangeError': Found class java.lang.Object, but interface was expected> (0x0000000783310bb8) thrown at [C:\re\workspace\8-2-build-windows-amd64-cygwin\jdk8u191\11896\hotspot\src\share\vm\interpreter\linkResolver.cp
Event: 4.806 Thread 0x0000000002e95800 Exception <a 'java/lang/NoSuchMethodError': java.lang.Object.lambda$getProxyTargetBeanDefinition$1(Ljava/lang/Class;Lio/micronaut/context/Qualifier;)Lio/micronaut/context/exceptions/NoSuchBeanException;> (0x000000078340f438) thrown at [C:\re\workspace\8-2
Event: 4.807 Thread 0x0000000002e95800 Exception <a 'java/lang/NoSuchMethodError': java.lang.Object.lambda$getProxyTargetMethod$1(Ljava/lang/String;[Ljava/lang/Class;Ljava/lang/Class;)Ljava/lang/NoSuchMethodException;> (0x0000000783413de8) thrown at [C:\re\workspace\8-2-build-windows-amd64-cyg
Event: 4.810 Thread 0x0000000002e95800 Exception <a 'java/lang/NoSuchMethodError': java.lang.Object.lambda$getAnnotationTypesByStereotype$2(Ljava/util/Optional;)Ljava/lang/Class;> (0x00000007834234a8) thrown at [C:\re\workspace\8-2-build-windows-amd64-cygwin\jdk8u191\11896\hotspot\src\share\vm

Events (10 events):
Event: 5.108 loading class sun/security/provider/ByteArrayAccess
Event: 5.109 loading class sun/security/provider/ByteArrayAccess done
Event: 5.112 loading class java/net/NetworkInterface
Event: 5.112 loading class java/net/NetworkInterface done
Event: 5.112 loading class java/net/NetworkInterface$1
Event: 5.112 loading class java/net/NetworkInterface$1 done
Event: 5.113 loading class java/net/InterfaceAddress
Event: 5.113 loading class java/net/InterfaceAddress done
Event: 5.113 loading class java/net/DefaultInterface
Event: 5.113 loading class java/net/DefaultInterface done


Dynamic libraries:
0x00007ff6eda60000 - 0x00007ff6eda97000 	C:\Program Files\Java\jre1.8.0_191\bin\javaw.exe
0x00007ff934680000 - 0x00007ff93486d000 	C:\WINDOWS\SYSTEM32\ntdll.dll
0x00007ff9344c0000 - 0x00007ff934573000 	C:\WINDOWS\System32\KERNEL32.DLL
0x00007ff930910000 - 0x00007ff930ba3000 	C:\WINDOWS\System32\KERNELBASE.dll
0x00007ff932460000 - 0x00007ff932503000 	C:\WINDOWS\System32\ADVAPI32.dll
0x00007ff9323c0000 - 0x00007ff93245e000 	C:\WINDOWS\System32\msvcrt.dll
0x00007ff934580000 - 0x00007ff93461e000 	C:\WINDOWS\System32\sechost.dll
0x00007ff933a70000 - 0x00007ff933b92000 	C:\WINDOWS\System32\RPCRT4.dll
0x00007ff934130000 - 0x00007ff9342c7000 	C:\WINDOWS\System32\USER32.dll
0x00007ff9313f0000 - 0x00007ff931410000 	C:\WINDOWS\System32\win32u.dll
0x00007ff931a70000 - 0x00007ff931a99000 	C:\WINDOWS\System32\GDI32.dll
0x00007ff930740000 - 0x00007ff9308d9000 	C:\WINDOWS\System32\gdi32full.dll
0x00007ff9317a0000 - 0x00007ff931840000 	C:\WINDOWS\System32\msvcp_win.dll
0x00007ff9316a0000 - 0x00007ff93179a000 	C:\WINDOWS\System32\ucrtbase.dll
0x00007ff917ff0000 - 0x00007ff918269000 	C:\WINDOWS\WinSxS\amd64_microsoft.windows.common-controls_6595b64144ccf1df_6.0.17763.737_none_05b6437c071e554b\COMCTL32.dll
0x00007ff933d80000 - 0x00007ff9340ac000 	C:\WINDOWS\System32\combase.dll
0x00007ff930bb0000 - 0x00007ff930c2e000 	C:\WINDOWS\System32\bcryptPrimitives.dll
0x00007ff934620000 - 0x00007ff93464e000 	C:\WINDOWS\System32\IMM32.DLL
0x00000000641f0000 - 0x00000000642c2000 	C:\Program Files\Java\jre1.8.0_191\bin\msvcr100.dll
0x00000000627f0000 - 0x0000000063094000 	C:\Program Files\Java\jre1.8.0_191\bin\server\jvm.dll
0x00007ff9344b0000 - 0x00007ff9344b8000 	C:\WINDOWS\System32\PSAPI.DLL
0x00007ff92b640000 - 0x00007ff92b64a000 	C:\WINDOWS\SYSTEM32\VERSION.dll
0x00007ff927550000 - 0x00007ff927574000 	C:\WINDOWS\SYSTEM32\WINMM.dll
0x00007ff92d090000 - 0x00007ff92d099000 	C:\WINDOWS\SYSTEM32\WSOCK32.dll
0x00007ff927520000 - 0x00007ff92754d000 	C:\WINDOWS\SYSTEM32\WINMMBASE.dll
0x00007ff930c30000 - 0x00007ff930c7a000 	C:\WINDOWS\System32\cfgmgr32.dll
0x0000000002b00000 - 0x0000000002b6d000 	C:\WINDOWS\System32\ws2_32.DLL
0x00000000641e0000 - 0x00000000641ef000 	C:\Program Files\Java\jre1.8.0_191\bin\verify.dll
0x00000000641b0000 - 0x00000000641d9000 	C:\Program Files\Java\jre1.8.0_191\bin\java.dll
0x0000000064190000 - 0x00000000641a6000 	C:\Program Files\Java\jre1.8.0_191\bin\zip.dll
0x00007ff932510000 - 0x00007ff933a02000 	C:\WINDOWS\System32\SHELL32.dll
0x00007ff9342d0000 - 0x00007ff934378000 	C:\WINDOWS\System32\shcore.dll
0x00007ff930ca0000 - 0x00007ff9313ea000 	C:\WINDOWS\System32\windows.storage.dll
0x00007ff930710000 - 0x00007ff930734000 	C:\WINDOWS\System32\profapi.dll
0x00007ff930690000 - 0x00007ff9306ed000 	C:\WINDOWS\System32\powrprof.dll
0x00007ff934450000 - 0x00007ff9344a2000 	C:\WINDOWS\System32\shlwapi.dll
0x00007ff9306f0000 - 0x00007ff930701000 	C:\WINDOWS\System32\kernel.appcore.dll
0x00007ff930c80000 - 0x00007ff930c97000 	C:\WINDOWS\System32\cryptsp.dll
0x0000000064170000 - 0x000000006418a000 	C:\Program Files\Java\jre1.8.0_191\bin\net.dll
0x00007ff92fee0000 - 0x00007ff92ff47000 	C:\WINDOWS\system32\mswsock.dll
0x00007ff92fc40000 - 0x00007ff92fd06000 	C:\WINDOWS\SYSTEM32\DNSAPI.dll
0x00007ff933ba0000 - 0x00007ff933ba8000 	C:\WINDOWS\System32\NSI.dll
0x00007ff92fc00000 - 0x00007ff92fc3d000 	C:\WINDOWS\SYSTEM32\IPHLPAPI.DLL
0x00007ff926bf0000 - 0x00007ff926bfa000 	C:\Windows\System32\rasadhlp.dll
0x0000000064150000 - 0x0000000064161000 	C:\Program Files\Java\jre1.8.0_191\bin\nio.dll
0x00007ff92fa00000 - 0x00007ff92fa33000 	C:\WINDOWS\system32\rsaenh.dll
0x00007ff9308e0000 - 0x00007ff930906000 	C:\WINDOWS\System32\bcrypt.dll
0x00007ff9305a0000 - 0x00007ff9305c8000 	C:\WINDOWS\SYSTEM32\USERENV.dll
0x00007ff9300b0000 - 0x00007ff9300bc000 	C:\WINDOWS\SYSTEM32\CRYPTBASE.dll
0x00007ff92b5f0000 - 0x00007ff92b606000 	C:\WINDOWS\SYSTEM32\dhcpcsvc6.DLL
0x00007ff92b5d0000 - 0x00007ff92b5ec000 	C:\WINDOWS\SYSTEM32\dhcpcsvc.DLL

VM Arguments:
jvm_args: -Dfile.encoding=UTF-8 
java_command: listenerrabbit.Application
java_class_path (initial): C:\Users\Marilu\Downloads\listenerrabbit\listenerrabbit\target\classes;C:\Users\Marilu\.m2\repository\io\micronaut\micronaut-inject\1.1.0\micronaut-inject-1.1.0.jar;C:\Users\Marilu\.m2\repository\org\slf4j\slf4j-api\1.7.25\slf4j-api-1.7.25.jar;C:\Users\Marilu\.m2\repository\javax\annotation\javax.annotation-api\1.3.2\javax.annotation-api-1.3.2.jar;C:\Users\Marilu\.m2\repository\javax\inject\javax.inject\1\javax.inject-1.jar;C:\Users\Marilu\.m2\repository\io\micronaut\micronaut-core\1.1.0\micronaut-core-1.1.0.jar;C:\Users\Marilu\.m2\repository\org\reactivestreams\reactive-streams\1.0.2\reactive-streams-1.0.2.jar;C:\Users\Marilu\.m2\repository\com\google\code\findbugs\jsr305\3.0.2\jsr305-3.0.2.jar;C:\Users\Marilu\.m2\repository\org\yaml\snakeyaml\1.23\snakeyaml-1.23.jar;C:\Users\Marilu\.m2\repository\io\micronaut\micronaut-validation\1.1.0\micronaut-validation-1.1.0.jar;C:\Users\Marilu\.m2\repository\io\micronaut\micronaut-http\1.1.0\micronaut-http-1.1.0.jar;C:\Users\Marilu\.m2\repository\javax\validation\validation-api\2.0.1.Final\validation-api-2.0.1.Final.jar;C:\Users\Marilu\.m2\repository\io\micronaut\micronaut-runtime\1.1.0\micronaut-runtime-1.1.0.jar;C:\Users\Marilu\.m2\repository\io\micronaut\micronaut-aop\1.1.0\micronaut-aop-1.1.0.jar;C:\Users\Marilu\.m2\repository\com\fasterxml\jackson\core\jackson-databind\2.9.8\jackson-databind-2.9.8.jar;C:\Users\Marilu\.m2\repository\com\fasterxml\jackson\core\jackson-annotations\2.9.8\jackson-annotations-2.9.8.jar;C:\Users\Marilu\.m2\repository\com\fasterxml\jackson\core\jackson-core\2.9.8\jackson-core-2.9.8.jar;C:\Users\Marilu\.m2\repository\io\reactivex\rxjava2\rxjava\2.2.6\rxjava-2.2.6.jar;C:\Users\Marilu\.m2\repository\com\fasterxml\jackson\datatype\jackson-datatype-jdk8\2.9.8\jackson-datatype-jdk8-2.9.8.jar;C:\Users\Marilu\.m2\repository\com\fasterxml\jackson\datatype\jackson-datatype-jsr310\2.9.8\jackson-datatype-jsr310-2.9.8.jar;C:\Users\Marilu\.m2\repository\io\micronaut\micronaut-http
Launcher Type: SUN_STANDARD

Environment Variables:
JAVA_HOME=C:\Program Files\Java\jdk1.8.0_191
PATH=c:/Program Files/Java/jre1.8.0_191/bin/server;c:/Program Files/Java/jre1.8.0_191/bin;c:/Program Files/Java/jre1.8.0_191/lib/amd64;C:\Program Files (x86)\Common Files\Oracle\Java\javapath;C:\Windows\system32;C:\Windows;C:\Windows\System32\Wbem;C:\Windows\System32\WindowsPowerShell\v1.0\;C:\Program Files (x86)\NVIDIA Corporation\PhysX\Common;C:\WINDOWS\system32;C:\WINDOWS;C:\WINDOWS\System32\Wbem;C:\WINDOWS\System32\WindowsPowerShell\v1.0\;C:\Program Files\nodejs\;C:\Program Files\Microsoft VS Code\bin;C:\Program Files\Git\cmd;C:\Program Files\PuTTY\;C:\WINDOWS\System32\OpenSSH\;c:\Go\bin;C:\Users\Marilu\AppData\Local\Microsoft\WindowsApps;C:\Users\Marilu\AppData\Roaming\npm;C:\Program Files\Docker Toolbox;C:\Program Files (x86)\SSH Communications Security\SSH Secure Shell;C:\Users\Marilu\go\bin;C:\sts-4.0.1.RELEASE;
USERNAME=Marilu
OS=Windows_NT
PROCESSOR_IDENTIFIER=Intel64 Family 6 Model 142 Stepping 9, GenuineIntel



---------------  S Y S T E M  ---------------

OS: Windows 10.0 , 64 bit Build 17763 (10.0.17763.475)

CPU:total 4 (initial active 4) (2 cores per cpu, 2 threads per core) family 6 model 142 stepping 9, cmov, cx8, fxsr, mmx, sse, sse2, sse3, ssse3, sse4.1, sse4.2, popcnt, avx, avx2, aes, clmul, erms, 3dnowpref, lzcnt, ht, tsc, tscinvbit, bmi1, bmi2, adx

Memory: 4k page, physical 12454628k(1300240k free), swap 12454628k(5276k free)

vm_info: Java HotSpot(TM) 64-Bit Server VM (25.191-b12) for windows-amd64 JRE (1.8.0_191-b12), built on Oct  6 2018 09:29:03 by "java_re" with MS VC++ 10.0 (VS2010)

time: Sat Sep 28 23:55:06 2019
elapsed time: 5 seconds (0d 0h 0m 5s)

